<?xml version="1.0" encoding="UTF-8"?>
<!-- Generated by org.testng.reporters.JUnitXMLReporter -->
<testsuite ignored="0" hostname="LTIN274679" failures="0" tests="30" name="chromeTest" time="85.987" errors="0" timestamp="2024-02-28T13:41:51 IST">
  <testcase classname="TestCases.Combined" name="Car_Loan" time="2.039"/>
  <testcase classname="TestCases.Combined" name="Principal" time="3.111"/>
  <testcase classname="TestCases.Combined" name="Interest" time="1.65"/>
  <testcase classname="TestCases.Combined" name="Loan_Tenure" time="0.896"/>
  <testcase classname="TestCases.Combined" name="Months_details" time="0.297"/>
  <testcase classname="TestCases.Combined" name="output" time="0.149"/>
  <testcase classname="TestCases.Combined" name="menu" time="0.194"/>
  <testcase classname="TestCases.Combined" name="Home_Loan" time="1.784"/>
  <testcase classname="TestCases.Combined" name="Home_Loan_Value" time="8.555"/>
  <testcase classname="TestCases.Combined" name="Year_Wise_Print" time="1.832"/>
  <testcase classname="TestCases.Combined" name="Writing_Excel" time="19.866"/>
  <testcase classname="TestCases.Combined" name="Menu_" time="0.201"/>
  <testcase classname="TestCases.Combined" name="LoancalculatorClick" time="2.427"/>
  <testcase classname="TestCases.Combined" name="EMICalculatorTextValidating" time="0.394"/>
  <testcase classname="TestCases.Combined" name="EMICalculatorTextBoxValidating" time="0.199"/>
  <testcase classname="TestCases.Combined" name="YearToMonthCalculation" time="0.166"/>
  <testcase classname="TestCases.Combined" name="EMICalculatorSliderValidating" time="3.722"/>
  <testcase classname="TestCases.Combined" name="Menu_click" time="0.476"/>
  <testcase classname="TestCases.Combined" name="LoanCalculatorclick" time="0.761"/>
  <testcase classname="TestCases.Combined" name="Loan_Amount_Calculator_Click" time="2.286"/>
  <testcase classname="TestCases.Combined" name="LoanAmountCalculatorTextValidating" time="0.427"/>
  <testcase classname="TestCases.Combined" name="LoanAmountCalculatorTextBoxValidating" time="0.295"/>
  <testcase classname="TestCases.Combined" name="LoanamountYearToMonth" time="0.179"/>
  <testcase classname="TestCases.Combined" name="LoanAmountCalculatorSliderValidating" time="2.87"/>
  <testcase classname="TestCases.Combined" name="Menu" time="0.164"/>
  <testcase classname="TestCases.Combined" name="LoanCalculatorClick" time="0.767"/>
  <testcase classname="TestCases.Combined" name="Loan_Tenure_Calculator_Click" time="1.085"/>
  <testcase classname="TestCases.Combined" name="Loan_Tenure_Calculator_TextValidation" time="0.418"/>
  <testcase classname="TestCases.Combined" name="Loan_Tenure_Calculator_TextBox_Validation" time="0.241"/>
  <testcase classname="TestCases.Combined" name="Loan_Tenure_Calculator_Slider_Validation" time="2.817"/>
</testsuite> <!-- chromeTest -->
