<?xml version="1.0" encoding="UTF-8"?>
<!-- Generated by org.testng.reporters.JUnitXMLReporter -->
<testsuite ignored="0" hostname="LTIN274679" failures="0" tests="29" name="EdgeTest" time="155.267" errors="0" timestamp="2024-02-27T22:43:39 IST">
  <testcase classname="TestCases.TC_001_CarLoan" name="Car_Loan" time="0.503"/>
  <testcase classname="TestCases.TC_001_CarLoan" name="Principal" time="0.887"/>
  <testcase classname="TestCases.TC_001_CarLoan" name="Interest" time="0.762"/>
  <testcase classname="TestCases.TC_001_CarLoan" name="Loan_Tenure" time="0.584"/>
  <testcase classname="TestCases.TC_001_CarLoan" name="Months_details" time="0.408"/>
  <testcase classname="TestCases.TC_001_CarLoan" name="output" time="0.221"/>
  <testcase classname="TestCases.TC_002_Homeloan" name="Menu" time="0.4"/>
  <testcase classname="TestCases.TC_002_Homeloan" name="Home_Loan" time="1.473"/>
  <testcase classname="TestCases.TC_002_Homeloan" name="Year_Wise_Print" time="2.627"/>
  <testcase classname="TestCases.TC_002_Homeloan" name="Writing_Excel" time="26.375"/>
  <testcase classname="TestCases.TC_003_EMICalculatorValidation" name="Menu" time="0.447"/>
  <testcase classname="TestCases.TC_003_EMICalculatorValidation" name="LoanCalculatorClick" time="1.634"/>
  <testcase classname="TestCases.TC_003_EMICalculatorValidation" name="EMICalculatorTextValidating" time="0.636"/>
  <testcase classname="TestCases.TC_003_EMICalculatorValidation" name="EMICalculatorTextBoxValidating" time="0.272"/>
  <testcase classname="TestCases.TC_003_EMICalculatorValidation" name="YearToMonthCalculation" time="0.268"/>
  <testcase classname="TestCases.TC_003_EMICalculatorValidation" name="EMICalculatorSliderValidating" time="5.418"/>
  <testcase classname="TestCases.TC_004_LoanAmountUIValidation" name="Menu" time="0.409"/>
  <testcase classname="TestCases.TC_004_LoanAmountUIValidation" name="LoanCalculatorClick" time="1.195"/>
  <testcase classname="TestCases.TC_004_LoanAmountUIValidation" name="Loan_Amount_Calculator_Click" time="0.879"/>
  <testcase classname="TestCases.TC_004_LoanAmountUIValidation" name="LoanAmountCalculatorTextValidating" time="0.649"/>
  <testcase classname="TestCases.TC_004_LoanAmountUIValidation" name="LoanAmountCalculatorTextBoxValidating" time="0.354"/>
  <testcase classname="TestCases.TC_004_LoanAmountUIValidation" name="LoanamountYearToMonth" time="0.279"/>
  <testcase classname="TestCases.TC_004_LoanAmountUIValidation" name="LoanAmountCalculatorSliderValidating" time="5.44"/>
  <testcase classname="TestCases.TC_005_LoanTenureCalculatorUIVAlidation" name="Menu" time="0.472"/>
  <testcase classname="TestCases.TC_005_LoanTenureCalculatorUIVAlidation" name="LoanCalculatorClick" time="1.317"/>
  <testcase classname="TestCases.TC_005_LoanTenureCalculatorUIVAlidation" name="Loan_Tenure_Calculator_Click" time="1.109"/>
  <testcase classname="TestCases.TC_005_LoanTenureCalculatorUIVAlidation" name="Loan_Tenure_Calculator_TextValidation" time="0.738"/>
  <testcase classname="TestCases.TC_005_LoanTenureCalculatorUIVAlidation" name="Loan_Tenure_Calculator_TextBox_Validation" time="0.398"/>
  <testcase classname="TestCases.TC_005_LoanTenureCalculatorUIVAlidation" name="Loan_Tenure_Calculator_Slider_Validation" time="3.672"/>
</testsuite> <!-- EdgeTest -->
