<?xml version="1.0" encoding="UTF-8"?>
<!-- Generated by org.testng.reporters.JUnitXMLReporter -->
<testsuite ignored="0" hostname="LTIN274679" failures="0" tests="30" name="Test" time="122.0" errors="0" timestamp="2024-02-28T17:05:40 IST">
  <testcase classname="TestCases.TC_001_CarLoan" name="Car_Loan" time="1.383"/>
  <testcase classname="TestCases.TC_001_CarLoan" name="Principal" time="2.826"/>
  <testcase classname="TestCases.TC_001_CarLoan" name="Interest" time="0.555"/>
  <testcase classname="TestCases.TC_001_CarLoan" name="Loan_Tenure" time="0.595"/>
  <testcase classname="TestCases.TC_001_CarLoan" name="Months_details" time="0.255"/>
  <testcase classname="TestCases.TC_001_CarLoan" name="output" time="0.145"/>
  <testcase classname="TestCases.TC_002_Homeloan" name="Menu" time="0.276"/>
  <testcase classname="TestCases.TC_002_Homeloan" name="Home_Loan" time="1.82"/>
  <testcase classname="TestCases.TC_002_Homeloan" name="Home_Loan_Value" time="7.2"/>
  <testcase classname="TestCases.TC_002_Homeloan" name="Year_Wise_Print" time="0.931"/>
  <testcase classname="TestCases.TC_002_Homeloan" name="Writing_Excel" time="12.146"/>
  <testcase classname="TestCases.TC_003_EMICalculatorValidation" name="Menu" time="0.219"/>
  <testcase classname="TestCases.TC_003_EMICalculatorValidation" name="LoanCalculatorClick" time="3.169"/>
  <testcase classname="TestCases.TC_003_EMICalculatorValidation" name="EMICalculatorTextValidating" time="0.317"/>
  <testcase classname="TestCases.TC_003_EMICalculatorValidation" name="EMICalculatorTextBoxValidating" time="0.168"/>
  <testcase classname="TestCases.TC_003_EMICalculatorValidation" name="YearToMonthCalculation" time="0.247"/>
  <testcase classname="TestCases.TC_003_EMICalculatorValidation" name="EMICalculatorSliderValidating" time="2.858"/>
  <testcase classname="TestCases.TC_004_LoanAmountUIValidation" name="Menu" time="0.252"/>
  <testcase classname="TestCases.TC_004_LoanAmountUIValidation" name="LoanCalculatorClick" time="2.451"/>
  <testcase classname="TestCases.TC_004_LoanAmountUIValidation" name="Loan_Amount_Calculator_Click" time="1.241"/>
  <testcase classname="TestCases.TC_004_LoanAmountUIValidation" name="LoanAmountCalculatorTextValidating" time="0.334"/>
  <testcase classname="TestCases.TC_004_LoanAmountUIValidation" name="LoanAmountCalculatorTextBoxValidating" time="0.209"/>
  <testcase classname="TestCases.TC_004_LoanAmountUIValidation" name="LoanamountYearToMonth" time="0.139"/>
  <testcase classname="TestCases.TC_004_LoanAmountUIValidation" name="LoanAmountCalculatorSliderValidating" time="2.609"/>
  <testcase classname="TestCases.TC_005_LoanTenureCalculatorUIVAlidation" name="Menu" time="0.176"/>
  <testcase classname="TestCases.TC_005_LoanTenureCalculatorUIVAlidation" name="LoanCalculatorClick" time="1.054"/>
  <testcase classname="TestCases.TC_005_LoanTenureCalculatorUIVAlidation" name="Loan_Tenure_Calculator_Click" time="2.014"/>
  <testcase classname="TestCases.TC_005_LoanTenureCalculatorUIVAlidation" name="Loan_Tenure_Calculator_TextValidation" time="0.326"/>
  <testcase classname="TestCases.TC_005_LoanTenureCalculatorUIVAlidation" name="Loan_Tenure_Calculator_TextBox_Validation" time="0.229"/>
  <testcase classname="TestCases.TC_005_LoanTenureCalculatorUIVAlidation" name="Loan_Tenure_Calculator_Slider_Validation" time="2.777"/>
</testsuite> <!-- Test -->
