<?xml version="1.0" encoding="UTF-8"?>
<!-- Generated by org.testng.reporters.JUnitXMLReporter -->
<testsuite ignored="0" hostname="LTIN274679" failures="0" tests="30" name="Test" time="124.604" errors="0" timestamp="2024-02-28T18:04:11 IST">
  <testcase classname="TestCases.TC_001_CarLoan" name="Car_Loan" time="1.405"/>
  <testcase classname="TestCases.TC_001_CarLoan" name="Principal" time="1.897"/>
  <testcase classname="TestCases.TC_001_CarLoan" name="Interest" time="0.564"/>
  <testcase classname="TestCases.TC_001_CarLoan" name="Loan_Tenure" time="0.551"/>
  <testcase classname="TestCases.TC_001_CarLoan" name="Months_details" time="0.21"/>
  <testcase classname="TestCases.TC_001_CarLoan" name="output" time="0.151"/>
  <testcase classname="TestCases.TC_002_Homeloan" name="Menu" time="0.308"/>
  <testcase classname="TestCases.TC_002_Homeloan" name="Home_Loan" time="1.238"/>
  <testcase classname="TestCases.TC_002_Homeloan" name="Home_Loan_Value" time="7.288"/>
  <testcase classname="TestCases.TC_002_Homeloan" name="Year_Wise_Print" time="1.008"/>
  <testcase classname="TestCases.TC_002_Homeloan" name="Writing_Excel" time="10.716"/>
  <testcase classname="TestCases.TC_003_EMICalculatorValidation" name="Menu" time="0.261"/>
  <testcase classname="TestCases.TC_003_EMICalculatorValidation" name="LoanCalculatorClick" time="1.009"/>
  <testcase classname="TestCases.TC_003_EMICalculatorValidation" name="EMICalculatorTextValidating" time="0.387"/>
  <testcase classname="TestCases.TC_003_EMICalculatorValidation" name="EMICalculatorTextBoxValidating" time="0.174"/>
  <testcase classname="TestCases.TC_003_EMICalculatorValidation" name="YearToMonthCalculation" time="0.154"/>
  <testcase classname="TestCases.TC_003_EMICalculatorValidation" name="EMICalculatorSliderValidating" time="2.898"/>
  <testcase classname="TestCases.TC_004_LoanAmountUIValidation" name="Menu" time="0.404"/>
  <testcase classname="TestCases.TC_004_LoanAmountUIValidation" name="LoanCalculatorClick" time="1.209"/>
  <testcase classname="TestCases.TC_004_LoanAmountUIValidation" name="Loan_Amount_Calculator_Click" time="0.854"/>
  <testcase classname="TestCases.TC_004_LoanAmountUIValidation" name="LoanAmountCalculatorTextValidating" time="0.374"/>
  <testcase classname="TestCases.TC_004_LoanAmountUIValidation" name="LoanAmountCalculatorTextBoxValidating" time="0.231"/>
  <testcase classname="TestCases.TC_004_LoanAmountUIValidation" name="LoanamountYearToMonth" time="0.174"/>
  <testcase classname="TestCases.TC_004_LoanAmountUIValidation" name="LoanAmountCalculatorSliderValidating" time="2.748"/>
  <testcase classname="TestCases.TC_005_LoanTenureCalculatorUIVAlidation" name="Menu" time="0.346"/>
  <testcase classname="TestCases.TC_005_LoanTenureCalculatorUIVAlidation" name="LoanCalculatorClick" time="1.082"/>
  <testcase classname="TestCases.TC_005_LoanTenureCalculatorUIVAlidation" name="Loan_Tenure_Calculator_Click" time="1.072"/>
  <testcase classname="TestCases.TC_005_LoanTenureCalculatorUIVAlidation" name="Loan_Tenure_Calculator_TextValidation" time="0.401"/>
  <testcase classname="TestCases.TC_005_LoanTenureCalculatorUIVAlidation" name="Loan_Tenure_Calculator_TextBox_Validation" time="0.219"/>
  <testcase classname="TestCases.TC_005_LoanTenureCalculatorUIVAlidation" name="Loan_Tenure_Calculator_Slider_Validation" time="2.716"/>
</testsuite> <!-- Test -->
