<?xml version="1.0" encoding="UTF-8"?>
<testsuite xmlns:xsi="http://www.w3.org/2001/XMLSchema-instance" xsi:noNamespaceSchemaLocation="https://maven.apache.org/surefire/maven-surefire-plugin/xsd/surefire-test-report-3.0.xsd" version="3.0" name="TestSuite" time="128.133" tests="30" errors="0" skipped="0" failures="0">
  <properties>
[...]
</properties>
  <testcase name="Car_Loan" classname="TestCases.TC_001_CarLoan" time="1.868">
    <system-out><![CDATA[18:02:20.124 [main] INFO  BaseClass.Driver - ---------- Click on the Car Loan ----------
]]></system-out>
    <system-err><![CDATA[SLF4J: Failed to load class "org.slf4j.impl.StaticLoggerBinder".
SLF4J: Defaulting to no-operation (NOP) logger implementation
SLF4J: See http://www.slf4j.org/codes.html#StaticLoggerBinder for further details.
]]></system-err>
  </testcase>
  <testcase name="Principal" classname="TestCases.TC_001_CarLoan" time="2.151">
    <system-out><![CDATA[18:02:20.812 [main] INFO  BaseClass.Driver - ---------- Click on the Principal TextBox and fill amount ----------
]]></system-out>
  </testcase>
  <testcase name="Interest" classname="TestCases.TC_001_CarLoan" time="0.892">
    <system-out><![CDATA[18:02:22.971 [main] INFO  BaseClass.Driver - ---------- Click on Interest TextBox and fill Interest Rate ----------
]]></system-out>
  </testcase>
  <testcase name="Loan_Tenure" classname="TestCases.TC_001_CarLoan" time="0.792">
    <system-out><![CDATA[18:02:23.865 [main] INFO  BaseClass.Driver - ---------- Click on Tenure TextBox and Fill Year ----------
]]></system-out>
  </testcase>
  <testcase name="Months_details" classname="TestCases.TC_001_CarLoan" time="0.49">
    <system-out><![CDATA[18:02:24.659 [main] INFO  BaseClass.Driver - ---------- Fetching  Principal amount and Interest ----------
]]></system-out>
  </testcase>
  <testcase name="output" classname="TestCases.TC_001_CarLoan" time="0.411">
    <system-out><![CDATA[18:02:25.151 [main] INFO  BaseClass.Driver - ---------- Printing Principal amount and Interest in console ----------
Principal Amount : ₹ 1,19,650
Interest Amount : ₹ 11,875
]]></system-out>
  </testcase>
  <testcase name="Menu" classname="TestCases.TC_002_Homeloan" time="0.638">
    <system-out><![CDATA[18:02:40.558 [main] INFO  BaseClass.Driver - ---------- Click on the Calculator present in Menu ----------
]]></system-out>
  </testcase>
  <testcase name="Home_Loan" classname="TestCases.TC_002_Homeloan" time="1.534">
    <system-out><![CDATA[18:02:41.197 [main] INFO  BaseClass.Driver - ---------- Click on the Home Loan Present in Menu ----------

2 Test Scenario

]]></system-out>
  </testcase>
  <testcase name="Home_Loan_Value" classname="TestCases.TC_002_Homeloan" time="7.539">
    <system-out><![CDATA[18:02:42.733 [main] INFO  BaseClass.Driver - ---------- Enter Details in home Loan ----------
]]></system-out>
  </testcase>
  <testcase name="Year_Wise_Print" classname="TestCases.TC_002_Homeloan" time="1.246">
    <system-out><![CDATA[18:02:50.274 [main] INFO  BaseClass.Driver - ---------- Printing Year Wise Table in console ----------
2024 ₹ 1,38,369 ₹ 4,52,664 ₹ 44,000 ₹ 6,35,033 ₹ 48,61,631 2.77%
2025 ₹ 1,66,075 ₹ 4,78,688 ₹ 48,000 ₹ 6,92,763 ₹ 46,95,556 6.09%
2026 ₹ 1,83,465 ₹ 4,61,298 ₹ 48,000 ₹ 6,92,763 ₹ 45,12,091 9.76%
2027 ₹ 2,02,676 ₹ 4,42,087 ₹ 48,000 ₹ 6,92,763 ₹ 43,09,414 13.81%
2028 ₹ 2,23,899 ₹ 4,20,864 ₹ 48,000 ₹ 6,92,763 ₹ 40,85,515 18.29%
2029 ₹ 2,47,344 ₹ 3,97,419 ₹ 48,000 ₹ 6,92,763 ₹ 38,38,171 23.24%
2030 ₹ 2,73,245 ₹ 3,71,519 ₹ 48,000 ₹ 6,92,763 ₹ 35,64,926 28.7%
2031 ₹ 3,01,857 ₹ 3,42,906 ₹ 48,000 ₹ 6,92,763 ₹ 32,63,070 34.74%
2032 ₹ 3,33,465 ₹ 3,11,298 ₹ 48,000 ₹ 6,92,763 ₹ 29,29,604 41.41%
2033 ₹ 3,68,383 ₹ 2,76,380 ₹ 48,000 ₹ 6,92,763 ₹ 25,61,221 48.78%
2034 ₹ 4,06,958 ₹ 2,37,805 ₹ 48,000 ₹ 6,92,763 ₹ 21,54,263 56.91%
2035 ₹ 4,49,572 ₹ 1,95,191 ₹ 48,000 ₹ 6,92,763 ₹ 17,04,692 65.91%
2036 ₹ 4,96,648 ₹ 1,48,115 ₹ 48,000 ₹ 6,92,763 ₹ 12,08,044 75.84%
2037 ₹ 5,48,653 ₹ 96,110 ₹ 48,000 ₹ 6,92,763 ₹ 6,59,391 86.81%
2038 ₹ 6,06,104 ₹ 38,659 ₹ 48,000 ₹ 6,92,763 ₹ 53,286 98.93%
2039 ₹ 53,286 ₹ 444 ₹ 4,000 ₹ 57,730 ₹ 0 100%

]]></system-out>
  </testcase>
  <testcase name="Writing_Excel" classname="TestCases.TC_002_Homeloan" time="10.999">
    <system-out><![CDATA[18:02:51.519 [main] INFO  BaseClass.Driver - ---------- Writing Year Wise Table in Excel ----------
Writing of data from  year on year table in Excel Done
2 Test Scenario Completed

]]></system-out>
  </testcase>
  <testcase name="Menu" classname="TestCases.TC_003_EMICalculatorValidation" time="0.55">
    <system-out><![CDATA[18:03:16.773 [main] INFO  BaseClass.Driver - ---------- Click on the Calculator Present in menu ----------
]]></system-out>
  </testcase>
  <testcase name="LoanCalculatorClick" classname="TestCases.TC_003_EMICalculatorValidation" time="1.274">
    <system-out><![CDATA[18:03:17.322 [main] INFO  BaseClass.Driver - ---------- Click on the Loan Calculator Present in menu ----------
]]></system-out>
  </testcase>
  <testcase name="EMICalculatorTextValidating" classname="TestCases.TC_003_EMICalculatorValidation" time="0.639">
    <system-out><![CDATA[18:03:18.597 [main] INFO  BaseClass.Driver - ********** Validating EMI Calculator Text **********

      Text that are Validating are present below     

Loan Amount
Interest Rate
Loan Tenure
Fees & Charges
]]></system-out>
  </testcase>
  <testcase name="EMICalculatorTextBoxValidating" classname="TestCases.TC_003_EMICalculatorValidation" time="0.395">
    <system-out><![CDATA[18:03:19.237 [main] INFO  BaseClass.Driver - ********** Validating EMI Calculator Text Box  **********
]]></system-out>
  </testcase>
  <testcase name="YearToMonthCalculation" classname="TestCases.TC_003_EMICalculatorValidation" time="0.403">
    <system-out><![CDATA[18:03:19.633 [main] INFO  BaseClass.Driver - ********** Validating EMI Calculator Year To month Conversion **********
]]></system-out>
  </testcase>
  <testcase name="EMICalculatorSliderValidating" classname="TestCases.TC_003_EMICalculatorValidation" time="3.099">
    <system-out><![CDATA[18:03:20.037 [main] INFO  BaseClass.Driver - ********** Validating EMI Calculator Slider **********
]]></system-out>
  </testcase>
  <testcase name="Menu" classname="TestCases.TC_004_LoanAmountUIValidation" time="0.738">
    <system-out><![CDATA[18:03:37.311 [main] INFO  BaseClass.Driver - ---------- Click on the Calculators Present in menu ----------
]]></system-out>
  </testcase>
  <testcase name="LoanCalculatorClick" classname="TestCases.TC_004_LoanAmountUIValidation" time="1.478">
    <system-out><![CDATA[18:03:38.050 [main] INFO  BaseClass.Driver - ---------- Click on the Loan Calculator Present in menu ----------
]]></system-out>
  </testcase>
  <testcase name="Loan_Amount_Calculator_Click" classname="TestCases.TC_004_LoanAmountUIValidation" time="1.21">
    <system-out><![CDATA[18:03:39.530 [main] INFO  BaseClass.Driver - ---------- Click on the Loan Amount Calculator ----------
]]></system-out>
  </testcase>
  <testcase name="LoanAmountCalculatorTextValidating" classname="TestCases.TC_004_LoanAmountUIValidation" time="0.636">
    <system-out><![CDATA[18:03:40.741 [main] INFO  BaseClass.Driver - ********** Validating Loan Amount Calculator Text **********

      Text that are Validating are present below     

EMI
Interest Rate
Loan Tenure
Fees & Charges
]]></system-out>
  </testcase>
  <testcase name="LoanAmountCalculatorTextBoxValidating" classname="TestCases.TC_004_LoanAmountUIValidation" time="0.464">
    <system-out><![CDATA[18:03:41.379 [main] INFO  BaseClass.Driver - ********** Validating Loan Amount Calculator Text Box **********
]]></system-out>
  </testcase>
  <testcase name="LoanamountYearToMonth" classname="TestCases.TC_004_LoanAmountUIValidation" time="0.447">
    <system-out><![CDATA[18:03:41.844 [main] INFO  BaseClass.Driver - ********** Validating Loan Amount Calculator Year To Month Conversion **********
]]></system-out>
  </testcase>
  <testcase name="LoanAmountCalculatorSliderValidating" classname="TestCases.TC_004_LoanAmountUIValidation" time="2.964">
    <system-out><![CDATA[18:03:42.292 [main] INFO  BaseClass.Driver - ********** Validating Loan Amount Calculator Slider **********
]]></system-out>
  </testcase>
  <testcase name="Menu" classname="TestCases.TC_005_LoanTenureCalculatorUIVAlidation" time="0.636">
    <system-out><![CDATA[18:03:59.924 [main] INFO  BaseClass.Driver - ---------- Click on the Calculators Present in menu ----------
]]></system-out>
  </testcase>
  <testcase name="LoanCalculatorClick" classname="TestCases.TC_005_LoanTenureCalculatorUIVAlidation" time="1.383">
    <system-out><![CDATA[18:04:00.561 [main] INFO  BaseClass.Driver - ---------- Click on the Loan Calculator Present in menu ----------
]]></system-out>
  </testcase>
  <testcase name="Loan_Tenure_Calculator_Click" classname="TestCases.TC_005_LoanTenureCalculatorUIVAlidation" time="1.442">
    <system-out><![CDATA[18:04:01.946 [main] INFO  BaseClass.Driver - ---------- Click on the Loan Tenure Calculator ----------
]]></system-out>
  </testcase>
  <testcase name="Loan_Tenure_Calculator_TextValidation" classname="TestCases.TC_005_LoanTenureCalculatorUIVAlidation" time="0.671">
    <system-out><![CDATA[18:04:03.390 [main] INFO  BaseClass.Driver - ********** Validating Loan Tenure Calculator Text **********

      Text that are Validating are present below     

Loan Amount
EMI
Interest Rate
Fees & Charges
]]></system-out>
  </testcase>
  <testcase name="Loan_Tenure_Calculator_TextBox_Validation" classname="TestCases.TC_005_LoanTenureCalculatorUIVAlidation" time="0.447">
    <system-out><![CDATA[18:04:04.062 [main] INFO  BaseClass.Driver - ********** Validating Loan Tenure Calculator Text Box  **********
]]></system-out>
  </testcase>
  <testcase name="Loan_Tenure_Calculator_Slider_Validation" classname="TestCases.TC_005_LoanTenureCalculatorUIVAlidation" time="2.937">
    <system-out><![CDATA[18:04:04.510 [main] INFO  BaseClass.Driver - ********** Validating Loan Tenure Calculator Slider **********
]]></system-out>
  </testcase>
</testsuite>